[43480:2335361:0601/153421.708785:INFO:components/enterprise/browser/controller/chrome_browser_cloud_management_controller.cc:202] No machine level policy manager exists.
[43480:2335409:0601/153421.724647:ERROR:net/cert/internal/trust_store_mac.cc:384] Error parsing certificate:
ERROR: Failed normalizing string
  tag: 19
ERROR: Failed normalizing subject

[43480:2335409:0601/153421.729530:ERROR:net/cert/internal/trust_store_mac.cc:817] Error parsing certificate:
ERROR: Failed normalizing string
  tag: 19
ERROR: Failed normalizing subject

[43480:2335409:0601/153421.729749:ERROR:net/cert/internal/trust_store_mac.cc:817] Error parsing certificate:
ERROR: Failed normalizing string
  tag: 19
ERROR: Failed normalizing subject

[43480:2335361:0601/153427.401757:INFO:CONSOLE:2] "Progress KendoReact", source: https://www.rivosafeguard.com/insight/static/js/2.c5476986.chunk.js (2)
[43480:2335361:0601/153427.401890:INFO:CONSOLE:2] "License activation failed for @progress/kendo-react-intl
No license found.
See https://www.telerik.com/kendo-react-ui/my-license/?utm_medium=product&utm_source=kendoreact&utm_campaign=kendo-ui-react-purchase-license-keys-warning for more information.
", source: https://www.rivosafeguard.com/insight/static/js/2.c5476986.chunk.js (2)
[43480:2335361:0601/153427.401913:INFO:CONSOLE:2] "console.groupEnd", source: https://www.rivosafeguard.com/insight/static/js/2.c5476986.chunk.js (2)
[43480:2335361:0601/153428.136254:INFO:CONSOLE:0] "[DOM] Input elements should have autocomplete attributes (suggested: "current-password"): (More info: https://goo.gl/9p2vKq) %o", source: https://www.rivosafeguard.com/logon.aspx? (0)
[43480:2335361:0601/153429.238887:INFO:CONSOLE:7] "[olark][info] GA4 dataLayer did not exist yet, creating fresh dataLayer", source: https://www.rivosafeguard.com/logon.aspx? (7)
[43480:2335361:0601/153429.239067:INFO:CONSOLE:7] "[olark][info] gtag() did not exist, you may need to configure event triggers in Google Tag Manager", source: https://www.rivosafeguard.com/logon.aspx? (7)
[43480:2335361:0601/153429.249155:INFO:CONSOLE:7] "[olark][warn] Google Analytics Integration is unable to detect Google Analytics on this page", source: https://www.rivosafeguard.com/logon.aspx? (7)
